<?xml version="1.0" encoding="UTF-8"?>
<!-- Generated by org.testng.reporters.JUnitXMLReporter -->
<testsuite hostname="Admins-MacBook-Pro-2.local" ignored="0" name="Default test" tests="1" failures="1" timestamp="14 Nov 2018 17:25:39 GMT" time="0.162" errors="0">
  <testcase name="AM_Login_001" time="0.134" classname="testScripts.AM_Login_002">
    <failure type="java.lang.NoSuchMethodError" message="com.google.common.collect.ImmutableSet.chooseTableSize(I)I">
      <![CDATA[java.lang.NoSuchMethodError: com.google.common.collect.ImmutableSet.chooseTableSize(I)I
at com.google.common.collect.ImmutableSet$RegularSetBuilderImpl.<init>(ImmutableSet.java:716)
at com.google.common.collect.ImmutableSet$Builder.<init>(ImmutableSet.java:457)
at com.google.common.collect.ImmutableSet$Builder.<init>(ImmutableSet.java:453)
at org.openqa.selenium.os.ExecutableFinder.<init>(ExecutableFinder.java:35)
at org.openqa.selenium.firefox.FirefoxBinary.locateFirefoxBinariesFromPlatform(FirefoxBinary.java:430)
at org.openqa.selenium.firefox.FirefoxBinary.<init>(FirefoxBinary.java:109)
at java.util.Optional.orElseGet(Optional.java:267)
at org.openqa.selenium.firefox.FirefoxOptions.getBinary(FirefoxOptions.java:217)
at org.openqa.selenium.firefox.FirefoxDriver.toExecutor(FirefoxDriver.java:165)
at org.openqa.selenium.firefox.FirefoxDriver.<init>(FirefoxDriver.java:125)
at org.openqa.selenium.firefox.FirefoxDriver.<init>(FirefoxDriver.java:103)
at testScripts.AM_Login_002.AM_Login_001(AM_Login_002.java:24)
at sun.reflect.NativeMethodAccessorImpl.invoke0(Native Method)
at sun.reflect.NativeMethodAccessorImpl.invoke(NativeMethodAccessorImpl.java:62)
at sun.reflect.DelegatingMethodAccessorImpl.invoke(DelegatingMethodAccessorImpl.java:43)
at java.lang.reflect.Method.invoke(Method.java:498)
at org.testng.internal.MethodInvocationHelper.invokeMethod(MethodInvocationHelper.java:124)
at org.testng.internal.Invoker.invokeMethod(Invoker.java:583)
at org.testng.internal.Invoker.invokeTestMethod(Invoker.java:719)
at org.testng.internal.Invoker.invokeTestMethods(Invoker.java:989)
at org.testng.internal.TestMethodWorker.invokeTestMethods(TestMethodWorker.java:125)
at org.testng.internal.TestMethodWorker.run(TestMethodWorker.java:109)
at org.testng.TestRunner.privateRun(TestRunner.java:648)
at org.testng.TestRunner.run(TestRunner.java:505)
at org.testng.SuiteRunner.runTest(SuiteRunner.java:455)
at org.testng.SuiteRunner.runSequentially(SuiteRunner.java:450)
at org.testng.SuiteRunner.privateRun(SuiteRunner.java:415)
at org.testng.SuiteRunner.run(SuiteRunner.java:364)
at org.testng.SuiteRunnerWorker.runSuite(SuiteRunnerWorker.java:52)
at org.testng.SuiteRunnerWorker.run(SuiteRunnerWorker.java:84)
at org.testng.TestNG.runSuitesSequentially(TestNG.java:1208)
at org.testng.TestNG.runSuitesLocally(TestNG.java:1137)
at org.testng.TestNG.runSuites(TestNG.java:1049)
at org.testng.TestNG.run(TestNG.java:1017)
at org.testng.remote.AbstractRemoteTestNG.run(AbstractRemoteTestNG.java:114)
at org.testng.remote.RemoteTestNG.initAndRun(RemoteTestNG.java:251)
at org.testng.remote.RemoteTestNG.main(RemoteTestNG.java:77)
]]>
    </failure>
  </testcase> <!-- AM_Login_001 -->
</testsuite> <!-- Default test -->
